<?xml version="1.0" encoding="UTF-8"?>
<!-- Generated by org.testng.reporters.JUnitReportReporter -->
<testsuite hostname="DESKTOP-6064CKU" failures="0" tests="1" name="test.ParseXML" time="4.943" errors="0" timestamp="2023-11-29T11:08:55 IST" skipped="0">
  <testcase classname="test.ParseXML" name="testXMLResponse" time="4.943"/>
  <system-out/>
</testsuite> <!-- test.ParseXML -->
