<?xml version="1.0" encoding="UTF-8"?>
<!-- Generated by org.testng.reporters.JUnitReportReporter -->
<testsuite hostname="DESKTOP-6064CKU" failures="0" tests="2" name="test.JsonSchemaValidatorr" time="4.676" errors="0" timestamp="2023-11-29T13:38:29 IST" skipped="0">
  <testcase classname="test.JsonSchemaValidatorr" name="schemaValidator" time="4.196"/>
  <system-out/>
  <testcase classname="test.JsonSchemaValidatorr" name="xmlschemavalidat" time="0.480"/>
  <system-out/>
</testsuite> <!-- test.JsonSchemaValidatorr -->
