<?xml version="1.0" encoding="UTF-8"?>
<!-- Generated by org.testng.reporters.JUnitReportReporter -->
<testsuite hostname="DESKTOP-6064CKU" failures="0" tests="1" name="chainingAPI.GetUser" time="0.672" errors="0" timestamp="2023-12-02T00:10:23 IST" skipped="0">
  <testcase classname="chainingAPI.GetUser" name="test_getuser" time="0.672"/>
  <system-out/>
</testsuite> <!-- chainingAPI.GetUser -->
