<?xml version="1.0" encoding="UTF-8"?>
<!-- Generated by org.testng.reporters.JUnitReportReporter -->
<testsuite hostname="DESKTOP-6064CKU" failures="0" tests="1" name="chainingAPI.DeleteUser" time="0.564" errors="0" timestamp="2023-12-02T00:10:23 IST" skipped="0">
  <testcase classname="chainingAPI.DeleteUser" name="test_deleteuser" time="0.564"/>
  <system-out/>
</testsuite> <!-- chainingAPI.DeleteUser -->
