<?xml version="1.0" encoding="UTF-8"?>
<!-- Generated by org.testng.reporters.JUnitReportReporter -->
<testsuite hostname="DESKTOP-6064CKU" failures="0" tests="2" name="test.HttpRequest" time="4.687" errors="0" timestamp="2023-11-28T22:55:31 IST" skipped="0">
  <testcase classname="test.HttpRequest" name="parseJsonobject" time="0.130"/>
  <system-out/>
  <testcase classname="test.HttpRequest" name="parseJson" time="4.557"/>
  <system-out/>
</testsuite> <!-- test.HttpRequest -->
