<?xml version="1.0" encoding="UTF-8"?>
<!-- Generated by org.testng.reporters.JUnitReportReporter -->
<testsuite hostname="DESKTOP-6064CKU" failures="0" tests="2" name="test.SchemaValidatorr" time="7.794" errors="0" timestamp="2023-11-29T13:51:43 IST" skipped="0">
  <testcase classname="test.SchemaValidatorr" name="jsonSchemaValidator" time="1.789"/>
  <system-out/>
  <testcase classname="test.SchemaValidatorr" name="Xmlschemavalidat" time="6.005"/>
  <system-out/>
</testsuite> <!-- test.SchemaValidatorr -->
