<?xml version="1.0" encoding="UTF-8"?>
<!-- Generated by org.testng.reporters.JUnitReportReporter -->
<testsuite hostname="DESKTOP-6064CKU" failures="0" tests="1" name="chainingAPI.UpdateUser" time="1.217" errors="0" timestamp="2023-12-02T00:10:23 IST" skipped="0">
  <testcase classname="chainingAPI.UpdateUser" name="test_updateuser" time="1.217"/>
  <system-out/>
</testsuite> <!-- chainingAPI.UpdateUser -->
