<?xml version="1.0" encoding="UTF-8"?>
<!-- Generated by org.testng.reporters.JUnitReportReporter -->
<testsuite hostname="DESKTOP-6064CKU" failures="0" tests="1" name="chainingAPI.CreateAPI" time="5.245" errors="0" timestamp="2023-12-02T00:10:23 IST" skipped="0">
  <testcase classname="chainingAPI.CreateAPI" name="createuser" time="5.245"/>
  <system-out/>
</testsuite> <!-- chainingAPI.CreateAPI -->
